0 info it worked if it ends with ok
1 verbose cli [ '/Users/daigo/.anyenv/envs/ndenv/versions/v6.9.4/bin/node',
1 verbose cli   '/Users/daigo/.anyenv/envs/ndenv/versions/v6.9.4/bin/npm',
1 verbose cli   'run',
1 verbose cli   'patch' ]
2 info using npm@3.10.10
3 info using node@v6.9.4
4 verbose run-script [ 'prepatch', 'patch', 'postpatch' ]
5 info lifecycle event-on-off@0.0.0~prepatch: event-on-off@0.0.0
6 silly lifecycle event-on-off@0.0.0~prepatch: no script for prepatch, continuing
7 info lifecycle event-on-off@0.0.0~patch: event-on-off@0.0.0
8 verbose lifecycle event-on-off@0.0.0~patch: unsafe-perm in lifecycle true
9 verbose lifecycle event-on-off@0.0.0~patch: PATH: /Users/daigo/.anyenv/envs/ndenv/versions/v6.9.4/lib/node_modules/npm/bin/node-gyp-bin:/Users/daigo/Documents/on-off/node_modules/.bin:/Users/daigo/.anyenv/envs/ndenv/versions/v6.9.4/bin:/Users/daigo/.anyenv/envs/ndenv/libexec:/Users/daigo/.anyenv/envs/ndenv/plugins/node-build/bin:/Users/daigo/.anyenv/envs/ndenv/bin:/Users/daigo/.anyenv/bin:/Users/daigo/.anyenv/envs/ndenv/shims:/Users/daigo/.anyenv/envs/ndenv/bin:/Users/daigo/.anyenv/bin:/usr/bin:/bin:/usr/sbin:/sbin:/usr/local/bin:/opt/X11/bin
10 verbose lifecycle event-on-off@0.0.0~patch: CWD: /Users/daigo/Documents/on-off
11 silly lifecycle event-on-off@0.0.0~patch: Args: [ '-c',
11 silly lifecycle   'npm run test && npm version patch && npm run babel && node ./tools/index.js' ]
12 silly lifecycle event-on-off@0.0.0~patch: Returned: code: 1  signal: null
13 info lifecycle event-on-off@0.0.0~patch: Failed to exec patch script
14 verbose stack Error: event-on-off@0.0.0 patch: `npm run test && npm version patch && npm run babel && node ./tools/index.js`
14 verbose stack Exit status 1
14 verbose stack     at EventEmitter.<anonymous> (/Users/daigo/.anyenv/envs/ndenv/versions/v6.9.4/lib/node_modules/npm/lib/utils/lifecycle.js:255:16)
14 verbose stack     at emitTwo (events.js:106:13)
14 verbose stack     at EventEmitter.emit (events.js:191:7)
14 verbose stack     at ChildProcess.<anonymous> (/Users/daigo/.anyenv/envs/ndenv/versions/v6.9.4/lib/node_modules/npm/lib/utils/spawn.js:40:14)
14 verbose stack     at emitTwo (events.js:106:13)
14 verbose stack     at ChildProcess.emit (events.js:191:7)
14 verbose stack     at maybeClose (internal/child_process.js:877:16)
14 verbose stack     at Process.ChildProcess._handle.onexit (internal/child_process.js:226:5)
15 verbose pkgid event-on-off@0.0.0
16 verbose cwd /Users/daigo/Documents/on-off
17 error Darwin 15.6.0
18 error argv "/Users/daigo/.anyenv/envs/ndenv/versions/v6.9.4/bin/node" "/Users/daigo/.anyenv/envs/ndenv/versions/v6.9.4/bin/npm" "run" "patch"
19 error node v6.9.4
20 error npm  v3.10.10
21 error code ELIFECYCLE
22 error event-on-off@0.0.0 patch: `npm run test && npm version patch && npm run babel && node ./tools/index.js`
22 error Exit status 1
23 error Failed at the event-on-off@0.0.0 patch script 'npm run test && npm version patch && npm run babel && node ./tools/index.js'.
23 error Make sure you have the latest version of node.js and npm installed.
23 error If you do, this is most likely a problem with the event-on-off package,
23 error not with npm itself.
23 error Tell the author that this fails on your system:
23 error     npm run test && npm version patch && npm run babel && node ./tools/index.js
23 error You can get information on how to open an issue for this project with:
23 error     npm bugs event-on-off
23 error Or if that isn't available, you can get their info via:
23 error     npm owner ls event-on-off
23 error There is likely additional logging output above.
24 verbose exit [ 1, true ]
